# Code Review Log

Review target: Issue #32 (Hello World webpage)
Scope: `index.html` only (static HTML/CSS)

## Conclusion

- Low risk change: single static page, no scripts, no external assets.
- Requirements appear satisfied: HTML5 structure, semantic markup, responsive layout, and basic styling.

## High-risk pattern triggers

- None observed (no ordering/ID rewrite/parallel alignment/concurrency/state machines).

## Invariants (must hold)

I1. Document remains valid HTML5 structure (DOCTYPE + `html/head/body` tags).
I2. The main user-visible content is “Hello World” as the primary heading.
I3. The page is responsive on mobile devices (viewport meta + fluid layout).
I4. Semantic landmarks exist (`main`, `header`, `footer`) and are correctly nested.
I5. Accessibility basics remain in place (language set, keyboard focus visible, skip link works).
I6. Page stays dependency-free (no external JS/CSS/fonts/images required).

## Key assumptions & validation (Assumption Ledger)

A1. Assumption: The document provides the required HTML5 scaffolding.
    Status: Confirmed
    Evidence: `index.html:1` (DOCTYPE), `index.html:2` (`<html lang="en">`), `index.html:3` (`<head>`), `index.html:180` (`<body>`)
    Next: N/A

A2. Assumption: Mobile responsiveness is enabled via the viewport meta tag.
    Status: Confirmed
    Evidence: `index.html:5` (`<meta name="viewport" content="width=device-width, initial-scale=1" />`)
    Next: N/A

A3. Assumption: “Hello World” is the primary, semantic page heading.
    Status: Confirmed
    Evidence: `index.html:187` (`<h1 id="page-title">Hello World</h1>`)
    Next: N/A

A4. Assumption: The page uses semantic landmarks and an accessible skip link for keyboard navigation.
    Status: Confirmed
    Evidence: `index.html:181` (skip link), `index.html:183` (`<main id="content">`), `index.html:185` (`<header>`), `index.html:194` (`<footer>`)
    Next: N/A

A5. Assumption: Styling remains responsive and readable without external dependencies.
    Status: Confirmed
    Evidence: `index.html:65` (system font stack), `index.html:96`/`index.html:121`/`index.html:130` (use of `clamp()` for responsive sizing)
    Next: N/A

## Confirmed items (Checklist)

- Correctness: Confirmed (single HTML file with complete structure; content renders without scripts).
- Invariant review: Confirmed against I1–I6 (see Assumption Ledger evidence).
- Security: Confirmed (no user input handling; no scripts; no external network requests embedded).
- Performance: Confirmed (no images/fonts/scripts; small single-file payload).
- Compatibility: Confirmed for modern browsers; graceful fallbacks present (`100vh` before `100svh` at `index.html:53-54`).
- Observability: N/A (static page; no runtime logging/telemetry expected).
- User-visible contracts: Confirmed (“Hello World” visible as `<h1>`, `index.html:187`).
- Tests & docs: N/A for a standalone static page.

## Findings (P0/P1 only)

No P0/P1 issues found

